-------------------------------------------------------------------------------
Test set: com.shopping.ShoppingBackendApplicationTests
-------------------------------------------------------------------------------
Tests run: 1, Failures: 0, Errors: 1, Skipped: 0, Time elapsed: 6.257 s <<< FAILURE! - in com.shopping.ShoppingBackendApplicationTests
contextLoads  Time elapsed: 0.002 s  <<< ERROR!
java.lang.IllegalStateException: Failed to load ApplicationContext
Caused by: org.springframework.beans.factory.BeanCreationException: 
Error creating bean with name 'dataSourceScriptDatabaseInitializer' defined in class path resource [org/springframework/boot/autoconfigure/sql/init/DataSourceInitializationConfiguration.class]: Invocation of init method failed; nested exception is org.springframework.jdbc.datasource.init.ScriptStatementFailedException: Failed to execute SQL script statement #1 of URL [file:/C:/Project/shopping-backend/target/classes/data.sql]: INSERT INTO PRODUCT VALUES (1, 'My Billing Address', 'Mobile', 'Smart Phone', FILE_READ('D:\Code_Projects\Angular\shopping-backend\src\main\resources\download.png'), 'iPhone 13', 1, 1, 'Seller 1', 1, '2000'); nested exception is org.h2.jdbc.JdbcSQLNonTransientException: IO Exception: "java.io.FileNotFoundException: D:\Code_Projects\Angular\shopping-backend\src\main\resources\download.png (The device is not ready)"; "D:\Code_Projects\Angular\shopping-backend\src\main\resources\download.png"; SQL statement:
INSERT INTO PRODUCT VALUES (1, 'My Billing Address', 'Mobile', 'Smart Phone', FILE_READ('D:\Code_Projects\Angular\shopping-backend\src\main\resources\download.png'), 'iPhone 13', 1, 1, 'Seller 1', 1, '2000') -- (1, 'My Billing Address', 'Mobile', 'Smart Phone', FILE_READ('D:\Code_Projects\Angular\shopping-backend\src\main\resources\download.png'), 'iPhone 13', 1, 1, 'Seller 1', 1, '2000') [90031-200]
Caused by: org.springframework.jdbc.datasource.init.ScriptStatementFailedException: 
Failed to execute SQL script statement #1 of URL [file:/C:/Project/shopping-backend/target/classes/data.sql]: INSERT INTO PRODUCT VALUES (1, 'My Billing Address', 'Mobile', 'Smart Phone', FILE_READ('D:\Code_Projects\Angular\shopping-backend\src\main\resources\download.png'), 'iPhone 13', 1, 1, 'Seller 1', 1, '2000'); nested exception is org.h2.jdbc.JdbcSQLNonTransientException: IO Exception: "java.io.FileNotFoundException: D:\Code_Projects\Angular\shopping-backend\src\main\resources\download.png (The device is not ready)"; "D:\Code_Projects\Angular\shopping-backend\src\main\resources\download.png"; SQL statement:
INSERT INTO PRODUCT VALUES (1, 'My Billing Address', 'Mobile', 'Smart Phone', FILE_READ('D:\Code_Projects\Angular\shopping-backend\src\main\resources\download.png'), 'iPhone 13', 1, 1, 'Seller 1', 1, '2000') -- (1, 'My Billing Address', 'Mobile', 'Smart Phone', FILE_READ('D:\Code_Projects\Angular\shopping-backend\src\main\resources\download.png'), 'iPhone 13', 1, 1, 'Seller 1', 1, '2000') [90031-200]
Caused by: org.h2.jdbc.JdbcSQLNonTransientException: 
IO Exception: "java.io.FileNotFoundException: D:\Code_Projects\Angular\shopping-backend\src\main\resources\download.png (The device is not ready)"; "D:\Code_Projects\Angular\shopping-backend\src\main\resources\download.png"; SQL statement:
INSERT INTO PRODUCT VALUES (1, 'My Billing Address', 'Mobile', 'Smart Phone', FILE_READ('D:\Code_Projects\Angular\shopping-backend\src\main\resources\download.png'), 'iPhone 13', 1, 1, 'Seller 1', 1, '2000') -- (1, 'My Billing Address', 'Mobile', 'Smart Phone', FILE_READ('D:\Code_Projects\Angular\shopping-backend\src\main\resources\download.png'), 'iPhone 13', 1, 1, 'Seller 1', 1, '2000') [90031-200]
Caused by: java.io.FileNotFoundException: D:\Code_Projects\Angular\shopping-backend\src\main\resources\download.png (The device is not ready)

